<?xml version="1.0" encoding="UTF-8"?>
<robot generator="Robot 7.2.2 (Python 3.13.2 on win32)" generated="2025-05-06T21:13:12.933976" rpa="false" schemaversion="5">
<suite id="s1" name="ExemplosTiposVariaveis" source="C:\CursoUdemy\RobotFramework\WebTesting\VariaveisEscoposArgumentos\ExemplosTiposVariaveis.robot">
<test id="s1-t1" name="Caso de teste de exemplo 01" line="14">
<kw name="Uma keyword qualquer 01">
<kw name="Log" owner="BuiltIn">
<msg time="2025-05-06T21:13:13.008258" level="INFO">Vamos ver os tipos de variáveis no robot!</msg>
<arg>${SIMPLES}</arg>
<doc>Logs the given message with the given level.</doc>
<status status="PASS" start="2025-05-06T21:13:13.008053" elapsed="0.000295"/>
</kw>
<kw name="Log" owner="BuiltIn">
<msg time="2025-05-06T21:13:13.009563" level="INFO">Essa tem que ser maça: maça e essa tem que ser morango: morango</msg>
<arg>Essa tem que ser maça: ${FRUTAS[2]} e essa tem que ser morango: ${FRUTAS[0]}</arg>
<doc>Logs the given message with the given level.</doc>
<status status="PASS" start="2025-05-06T21:13:13.008508" elapsed="0.001158"/>
</kw>
<kw name="Log" owner="BuiltIn">
<msg time="2025-05-06T21:13:13.010611" level="INFO">Nome: May Fernandes e email: mayfernandes@exemplo.com.br</msg>
<arg>Nome: ${PESSOA.nome} e email: ${PESSOA.email}</arg>
<doc>Logs the given message with the given level.</doc>
<status status="PASS" start="2025-05-06T21:13:13.009794" elapsed="0.000881"/>
</kw>
<status status="PASS" start="2025-05-06T21:13:13.007420" elapsed="0.003341"/>
</kw>
<status status="PASS" start="2025-05-06T21:13:13.006492" elapsed="0.004533"/>
</test>
<doc>Exemplo de tipos de variáveis: SIMPLES, LISTAS e DICIONÁRIOS</doc>
<status status="PASS" start="2025-05-06T21:13:12.938067" elapsed="0.074167"/>
</suite>
<statistics>
<total>
<stat pass="1" fail="0" skip="0">All Tests</stat>
</total>
<tag>
</tag>
<suite>
<stat name="ExemplosTiposVariaveis" id="s1" pass="1" fail="0" skip="0">ExemplosTiposVariaveis</stat>
</suite>
</statistics>
<errors>
<msg time="2025-05-06T21:13:12.926835" level="WARN">Error in file 'C:\CursoUdemy\RobotFramework\WebTesting\VariaveisEscoposArgumentos\ExemplosTiposVariaveis.robot' on line 3: Singular section headers like '*** Variable ***' are deprecated. Use plural format like '*** Variables ***' instead.</msg>
</errors>
</robot>
